
[12-Jul-2025 19:44:35 UTC] PHP Notice:  Function _load_textdomain_just_in_time was called <strong>incorrectly</strong>. Translation loading for the <code>acf</code> domain was triggered too early. This is usually an indicator for some code in the plugin or theme running too early. Translations should be loaded at the <code>init</code> action or later. Please see <a href="https://developer.wordpress.org/advanced-administration/debug/debug-wordpress/">Debugging in WordPress</a> for more information. (This message was added in version 6.7.0.) in /Users/santoshbaral/Local Sites/dragonholidayscom/app/public/wp-includes/functions.php on line 6121
[12-Jul-2025 19:44:35 UTC] [TZnew Theme] Theme initialized successfully Context: {"php_version":"8.2.27","wp_version":"6.8.1","theme_version":"2.0.0"}
[12-Jul-2025 19:44:35 UTC] PHP Notice:  Function _load_textdomain_just_in_time was called <strong>incorrectly</strong>. Translation loading for the <code>acf</code> domain was triggered too early. This is usually an indicator for some code in the plugin or theme running too early. Translations should be loaded at the <code>init</code> action or later. Please see <a href="https://developer.wordpress.org/advanced-administration/debug/debug-wordpress/">Debugging in WordPress</a> for more information. (This message was added in version 6.7.0.) in /Users/santoshbaral/Local Sites/dragonholidayscom/app/public/wp-includes/functions.php on line 6121
[12-Jul-2025 19:44:35 UTC] [TZnew Theme] Theme initialized successfully Context: {"php_version":"8.2.27","wp_version":"6.8.1","theme_version":"2.0.0"}
[12-Jul-2025 19:44:36 UTC] PHP Notice:  Function _load_textdomain_just_in_time was called <strong>incorrectly</strong>. Translation loading for the <code>acf</code> domain was triggered too early. This is usually an indicator for some code in the plugin or theme running too early. Translations should be loaded at the <code>init</code> action or later. Please see <a href="https://developer.wordpress.org/advanced-administration/debug/debug-wordpress/">Debugging in WordPress</a> for more information. (This message was added in version 6.7.0.) in /Users/santoshbaral/Local Sites/dragonholidayscom/app/public/wp-includes/functions.php on line 6121
[12-Jul-2025 19:44:36 UTC] [TZnew Theme] Theme initialized successfully Context: {"php_version":"8.2.27","wp_version":"6.8.1","theme_version":"2.0.0"}
[12-Jul-2025 19:44:36 UTC] PHP Notice:  Function _load_textdomain_just_in_time was called <strong>incorrectly</strong>. Translation loading for the <code>acf</code> domain was triggered too early. This is usually an indicator for some code in the plugin or theme running too early. Translations should be loaded at the <code>init</code> action or later. Please see <a href="https://developer.wordpress.org/advanced-administration/debug/debug-wordpress/">Debugging in WordPress</a> for more information. (This message was added in version 6.7.0.) in /Users/santoshbaral/Local Sites/dragonholidayscom/app/public/wp-includes/functions.php on line 6121
[12-Jul-2025 19:44:36 UTC] [TZnew Theme] Theme initialized successfully Context: {"php_version":"8.2.27","wp_version":"6.8.1","theme_version":"2.0.0"}
[12-Jul-2025 19:44:36 UTC] PHP Notice:  Function _load_textdomain_just_in_time was called <strong>incorrectly</strong>. Translation loading for the <code>acf</code> domain was triggered too early. This is usually an indicator for some code in the plugin or theme running too early. Translations should be loaded at the <code>init</code> action or later. Please see <a href="https://developer.wordpress.org/advanced-administration/debug/debug-wordpress/">Debugging in WordPress</a> for more information. (This message was added in version 6.7.0.) in /Users/santoshbaral/Local Sites/dragonholidayscom/app/public/wp-includes/functions.php on line 6121
[12-Jul-2025 19:44:36 UTC] [TZnew Theme] Theme initialized successfully Context: {"php_version":"8.2.27","wp_version":"6.8.1","theme_version":"2.0.0"}
[12-Jul-2025 19:44:36 UTC] PHP Notice:  Function _load_textdomain_just_in_time was called <strong>incorrectly</strong>. Translation loading for the <code>acf</code> domain was triggered too early. This is usually an indicator for some code in the plugin or theme running too early. Translations should be loaded at the <code>init</code> action or later. Please see <a href="https://developer.wordpress.org/advanced-administration/debug/debug-wordpress/">Debugging in WordPress</a> for more information. (This message was added in version 6.7.0.) in /Users/santoshbaral/Local Sites/dragonholidayscom/app/public/wp-includes/functions.php on line 6121
[12-Jul-2025 19:44:36 UTC] [TZnew Theme] Theme initialized successfully Context: {"php_version":"8.2.27","wp_version":"6.8.1","theme_version":"2.0.0"}
[12-Jul-2025 19:44:37 UTC] PHP Notice:  Function _load_textdomain_just_in_time was called <strong>incorrectly</strong>. Translation loading for the <code>acf</code> domain was triggered too early. This is usually an indicator for some code in the plugin or theme running too early. Translations should be loaded at the <code>init</code> action or later. Please see <a href="https://developer.wordpress.org/advanced-administration/debug/debug-wordpress/">Debugging in WordPress</a> for more information. (This message was added in version 6.7.0.) in /Users/santoshbaral/Local Sites/dragonholidayscom/app/public/wp-includes/functions.php on line 6121
[12-Jul-2025 19:44:37 UTC] [TZnew Theme] Theme initialized successfully Context: {"php_version":"8.2.27","wp_version":"6.8.1","theme_version":"2.0.0"}
[12-Jul-2025 19:44:37 UTC] PHP Notice:  Function _load_textdomain_just_in_time was called <strong>incorrectly</strong>. Translation loading for the <code>acf</code> domain was triggered too early. This is usually an indicator for some code in the plugin or theme running too early. Translations should be loaded at the <code>init</code> action or later. Please see <a href="https://developer.wordpress.org/advanced-administration/debug/debug-wordpress/">Debugging in WordPress</a> for more information. (This message was added in version 6.7.0.) in /Users/santoshbaral/Local Sites/dragonholidayscom/app/public/wp-includes/functions.php on line 6121
[12-Jul-2025 19:44:37 UTC] [TZnew Theme] Theme initialized successfully Context: {"php_version":"8.2.27","wp_version":"6.8.1","theme_version":"2.0.0"}
[12-Jul-2025 19:44:37 UTC] PHP Notice:  Function _load_textdomain_just_in_time was called <strong>incorrectly</strong>. Translation loading for the <code>acf</code> domain was triggered too early. This is usually an indicator for some code in the plugin or theme running too early. Translations should be loaded at the <code>init</code> action or later. Please see <a href="https://developer.wordpress.org/advanced-administration/debug/debug-wordpress/">Debugging in WordPress</a> for more information. (This message was added in version 6.7.0.) in /Users/santoshbaral/Local Sites/dragonholidayscom/app/public/wp-includes/functions.php on line 6121
[12-Jul-2025 19:44:37 UTC] [TZnew Theme] Theme initialized successfully Context: {"php_version":"8.2.27","wp_version":"6.8.1","theme_version":"2.0.0"}
[12-Jul-2025 19:44:37 UTC] PHP Notice:  Function _load_textdomain_just_in_time was called <strong>incorrectly</strong>. Translation loading for the <code>acf</code> domain was triggered too early. This is usually an indicator for some code in the plugin or theme running too early. Translations should be loaded at the <code>init</code> action or later. Please see <a href="https://developer.wordpress.org/advanced-administration/debug/debug-wordpress/">Debugging in WordPress</a> for more information. (This message was added in version 6.7.0.) in /Users/santoshbaral/Local Sites/dragonholidayscom/app/public/wp-includes/functions.php on line 6121
[12-Jul-2025 19:44:37 UTC] [TZnew Theme] Theme initialized successfully Context: {"php_version":"8.2.27","wp_version":"6.8.1","theme_version":"2.0.0"}
[12-Jul-2025 19:44:37 UTC] PHP Notice:  Function _load_textdomain_just_in_time was called <strong>incorrectly</strong>. Translation loading for the <code>acf</code> domain was triggered too early. This is usually an indicator for some code in the plugin or theme running too early. Translations should be loaded at the <code>init</code> action or later. Please see <a href="https://developer.wordpress.org/advanced-administration/debug/debug-wordpress/">Debugging in WordPress</a> for more information. (This message was added in version 6.7.0.) in /Users/santoshbaral/Local Sites/dragonholidayscom/app/public/wp-includes/functions.php on line 6121
[12-Jul-2025 19:44:37 UTC] [TZnew Theme] Theme initialized successfully Context: {"php_version":"8.2.27","wp_version":"6.8.1","theme_version":"2.0.0"}
[12-Jul-2025 19:44:37 UTC] PHP Notice:  Function _load_textdomain_just_in_time was called <strong>incorrectly</strong>. Translation loading for the <code>acf</code> domain was triggered too early. This is usually an indicator for some code in the plugin or theme running too early. Translations should be loaded at the <code>init</code> action or later. Please see <a href="https://developer.wordpress.org/advanced-administration/debug/debug-wordpress/">Debugging in WordPress</a> for more information. (This message was added in version 6.7.0.) in /Users/santoshbaral/Local Sites/dragonholidayscom/app/public/wp-includes/functions.php on line 6121
[12-Jul-2025 19:44:37 UTC] [TZnew Theme] Theme initialized successfully Context: {"php_version":"8.2.27","wp_version":"6.8.1","theme_version":"2.0.0"}
[12-Jul-2025 19:44:37 UTC] PHP Notice:  Function _load_textdomain_just_in_time was called <strong>incorrectly</strong>. Translation loading for the <code>acf</code> domain was triggered too early. This is usually an indicator for some code in the plugin or theme running too early. Translations should be loaded at the <code>init</code> action or later. Please see <a href="https://developer.wordpress.org/advanced-administration/debug/debug-wordpress/">Debugging in WordPress</a> for more information. (This message was added in version 6.7.0.) in /Users/santoshbaral/Local Sites/dragonholidayscom/app/public/wp-includes/functions.php on line 6121
[12-Jul-2025 19:44:37 UTC] [TZnew Theme] Theme initialized successfully Context: {"php_version":"8.2.27","wp_version":"6.8.1","theme_version":"2.0.0"}
[12-Jul-2025 19:44:38 UTC] PHP Notice:  Function _load_textdomain_just_in_time was called <strong>incorrectly</strong>. Translation loading for the <code>acf</code> domain was triggered too early. This is usually an indicator for some code in the plugin or theme running too early. Translations should be loaded at the <code>init</code> action or later. Please see <a href="https://developer.wordpress.org/advanced-administration/debug/debug-wordpress/">Debugging in WordPress</a> for more information. (This message was added in version 6.7.0.) in /Users/santoshbaral/Local Sites/dragonholidayscom/app/public/wp-includes/functions.php on line 6121
[12-Jul-2025 19:44:38 UTC] [TZnew Theme] Theme initialized successfully Context: {"php_version":"8.2.27","wp_version":"6.8.1","theme_version":"2.0.0"}
[12-Jul-2025 19:44:47 UTC] PHP Notice:  Function _load_textdomain_just_in_time was called <strong>incorrectly</strong>. Translation loading for the <code>acf</code> domain was triggered too early. This is usually an indicator for some code in the plugin or theme running too early. Translations should be loaded at the <code>init</code> action or later. Please see <a href="https://developer.wordpress.org/advanced-administration/debug/debug-wordpress/">Debugging in WordPress</a> for more information. (This message was added in version 6.7.0.) in /Users/santoshbaral/Local Sites/dragonholidayscom/app/public/wp-includes/functions.php on line 6121
[12-Jul-2025 19:44:47 UTC] [TZnew Theme] Theme initialized successfully Context: {"php_version":"8.2.27","wp_version":"6.8.1","theme_version":"2.0.0"}
[12-Jul-2025 19:44:47 UTC] Missing required field "trek_name" for trekking post ID 439
[12-Jul-2025 19:44:47 UTC] Missing required field "trek_name" for trekking post ID 438
[12-Jul-2025 19:44:47 UTC] Missing required field "trek_name" for trekking post ID 437
[12-Jul-2025 19:44:47 UTC] Missing required field "faq_question" for faq post ID 217
[12-Jul-2025 19:44:47 UTC] Missing required field "faq_answer" for faq post ID 217
[12-Jul-2025 19:44:51 UTC] PHP Notice:  Function _load_textdomain_just_in_time was called <strong>incorrectly</strong>. Translation loading for the <code>acf</code> domain was triggered too early. This is usually an indicator for some code in the plugin or theme running too early. Translations should be loaded at the <code>init</code> action or later. Please see <a href="https://developer.wordpress.org/advanced-administration/debug/debug-wordpress/">Debugging in WordPress</a> for more information. (This message was added in version 6.7.0.) in /Users/santoshbaral/Local Sites/dragonholidayscom/app/public/wp-includes/functions.php on line 6121
[12-Jul-2025 19:44:51 UTC] [TZnew Theme] Theme initialized successfully Context: {"php_version":"8.2.27","wp_version":"6.8.1","theme_version":"2.0.0"}
[12-Jul-2025 19:44:52 UTC] PHP Notice:  Function _load_textdomain_just_in_time was called <strong>incorrectly</strong>. Translation loading for the <code>acf</code> domain was triggered too early. This is usually an indicator for some code in the plugin or theme running too early. Translations should be loaded at the <code>init</code> action or later. Please see <a href="https://developer.wordpress.org/advanced-administration/debug/debug-wordpress/">Debugging in WordPress</a> for more information. (This message was added in version 6.7.0.) in /Users/santoshbaral/Local Sites/dragonholidayscom/app/public/wp-includes/functions.php on line 6121
[12-Jul-2025 19:44:52 UTC] [TZnew Theme] Theme initialized successfully Context: {"php_version":"8.2.27","wp_version":"6.8.1","theme_version":"2.0.0"}
[12-Jul-2025 19:44:57 UTC] PHP Notice:  Function _load_textdomain_just_in_time was called <strong>incorrectly</strong>. Translation loading for the <code>acf</code> domain was triggered too early. This is usually an indicator for some code in the plugin or theme running too early. Translations should be loaded at the <code>init</code> action or later. Please see <a href="https://developer.wordpress.org/advanced-administration/debug/debug-wordpress/">Debugging in WordPress</a> for more information. (This message was added in version 6.7.0.) in /Users/santoshbaral/Local Sites/dragonholidayscom/app/public/wp-includes/functions.php on line 6121
[12-Jul-2025 19:44:57 UTC] [TZnew Theme] Theme initialized successfully Context: {"php_version":"8.2.27","wp_version":"6.8.1","theme_version":"2.0.0"}
[12-Jul-2025 19:44:57 UTC] Missing required field "trek_name" for trekking post ID 439
[12-Jul-2025 19:44:57 UTC] Missing required field "trek_name" for trekking post ID 438
[12-Jul-2025 19:44:57 UTC] Missing required field "trek_name" for trekking post ID 437
[12-Jul-2025 19:44:57 UTC] Missing required field "faq_question" for faq post ID 217
[12-Jul-2025 19:44:57 UTC] Missing required field "faq_answer" for faq post ID 217
[12-Jul-2025 19:45:07 UTC] PHP Notice:  Function _load_textdomain_just_in_time was called <strong>incorrectly</strong>. Translation loading for the <code>acf</code> domain was triggered too early. This is usually an indicator for some code in the plugin or theme running too early. Translations should be loaded at the <code>init</code> action or later. Please see <a href="https://developer.wordpress.org/advanced-administration/debug/debug-wordpress/">Debugging in WordPress</a> for more information. (This message was added in version 6.7.0.) in /Users/santoshbaral/Local Sites/dragonholidayscom/app/public/wp-includes/functions.php on line 6121
[12-Jul-2025 19:45:07 UTC] [TZnew Theme] Theme initialized successfully Context: {"php_version":"8.2.27","wp_version":"6.8.1","theme_version":"2.0.0"}
[12-Jul-2025 19:45:07 UTC] Missing required field "trek_name" for trekking post ID 439
[12-Jul-2025 19:45:07 UTC] Missing required field "trek_name" for trekking post ID 438
[12-Jul-2025 19:45:07 UTC] Missing required field "trek_name" for trekking post ID 437
[12-Jul-2025 19:45:07 UTC] Missing required field "faq_question" for faq post ID 217
[12-Jul-2025 19:45:07 UTC] Missing required field "faq_answer" for faq post ID 217
[12-Jul-2025 19:45:23 UTC] PHP Notice:  Function _load_textdomain_just_in_time was called <strong>incorrectly</strong>. Translation loading for the <code>acf</code> domain was triggered too early. This is usually an indicator for some code in the plugin or theme running too early. Translations should be loaded at the <code>init</code> action or later. Please see <a href="https://developer.wordpress.org/advanced-administration/debug/debug-wordpress/">Debugging in WordPress</a> for more information. (This message was added in version 6.7.0.) in /Users/santoshbaral/Local Sites/dragonholidayscom/app/public/wp-includes/functions.php on line 6121
[12-Jul-2025 19:45:23 UTC] [TZnew Theme] Theme initialized successfully Context: {"php_version":"8.2.27","wp_version":"6.8.1","theme_version":"2.0.0"}
[12-Jul-2025 19:45:23 UTC] Missing required field "trek_name" for trekking post ID 439
[12-Jul-2025 19:45:23 UTC] Missing required field "trek_name" for trekking post ID 438
[12-Jul-2025 19:45:23 UTC] Missing required field "trek_name" for trekking post ID 437
[12-Jul-2025 19:45:23 UTC] Missing required field "faq_question" for faq post ID 217
[12-Jul-2025 19:45:23 UTC] Missing required field "faq_answer" for faq post ID 217
[12-Jul-2025 19:45:55 UTC] PHP Notice:  Function _load_textdomain_just_in_time was called <strong>incorrectly</strong>. Translation loading for the <code>acf</code> domain was triggered too early. This is usually an indicator for some code in the plugin or theme running too early. Translations should be loaded at the <code>init</code> action or later. Please see <a href="https://developer.wordpress.org/advanced-administration/debug/debug-wordpress/">Debugging in WordPress</a> for more information. (This message was added in version 6.7.0.) in /Users/santoshbaral/Local Sites/dragonholidayscom/app/public/wp-includes/functions.php on line 6121
[12-Jul-2025 19:45:55 UTC] [TZnew Theme] Theme initialized successfully Context: {"php_version":"8.2.27","wp_version":"6.8.1","theme_version":"2.0.0"}
[12-Jul-2025 19:45:55 UTC] PHP Notice:  Function _load_textdomain_just_in_time was called <strong>incorrectly</strong>. Translation loading for the <code>acf</code> domain was triggered too early. This is usually an indicator for some code in the plugin or theme running too early. Translations should be loaded at the <code>init</code> action or later. Please see <a href="https://developer.wordpress.org/advanced-administration/debug/debug-wordpress/">Debugging in WordPress</a> for more information. (This message was added in version 6.7.0.) in /Users/santoshbaral/Local Sites/dragonholidayscom/app/public/wp-includes/functions.php on line 6121
[12-Jul-2025 19:45:55 UTC] [TZnew Theme] Theme initialized successfully Context: {"php_version":"8.2.27","wp_version":"6.8.1","theme_version":"2.0.0"}
[12-Jul-2025 19:45:55 UTC] PHP Notice:  Function _load_textdomain_just_in_time was called <strong>incorrectly</strong>. Translation loading for the <code>acf</code> domain was triggered too early. This is usually an indicator for some code in the plugin or theme running too early. Translations should be loaded at the <code>init</code> action or later. Please see <a href="https://developer.wordpress.org/advanced-administration/debug/debug-wordpress/">Debugging in WordPress</a> for more information. (This message was added in version 6.7.0.) in /Users/santoshbaral/Local Sites/dragonholidayscom/app/public/wp-includes/functions.php on line 6121
[12-Jul-2025 19:45:55 UTC] [TZnew Theme] Theme initialized successfully Context: {"php_version":"8.2.27","wp_version":"6.8.1","theme_version":"2.0.0"}
[12-Jul-2025 19:45:56 UTC] PHP Notice:  Function _load_textdomain_just_in_time was called <strong>incorrectly</strong>. Translation loading for the <code>acf</code> domain was triggered too early. This is usually an indicator for some code in the plugin or theme running too early. Translations should be loaded at the <code>init</code> action or later. Please see <a href="https://developer.wordpress.org/advanced-administration/debug/debug-wordpress/">Debugging in WordPress</a> for more information. (This message was added in version 6.7.0.) in /Users/santoshbaral/Local Sites/dragonholidayscom/app/public/wp-includes/functions.php on line 6121
[12-Jul-2025 19:45:56 UTC] [TZnew Theme] Theme initialized successfully Context: {"php_version":"8.2.27","wp_version":"6.8.1","theme_version":"2.0.0"}
[12-Jul-2025 19:45:56 UTC] PHP Notice:  Function _load_textdomain_just_in_time was called <strong>incorrectly</strong>. Translation loading for the <code>acf</code> domain was triggered too early. This is usually an indicator for some code in the plugin or theme running too early. Translations should be loaded at the <code>init</code> action or later. Please see <a href="https://developer.wordpress.org/advanced-administration/debug/debug-wordpress/">Debugging in WordPress</a> for more information. (This message was added in version 6.7.0.) in /Users/santoshbaral/Local Sites/dragonholidayscom/app/public/wp-includes/functions.php on line 6121
[12-Jul-2025 19:45:56 UTC] [TZnew Theme] Theme initialized successfully Context: {"php_version":"8.2.27","wp_version":"6.8.1","theme_version":"2.0.0"}
[12-Jul-2025 19:45:56 UTC] PHP Notice:  Function _load_textdomain_just_in_time was called <strong>incorrectly</strong>. Translation loading for the <code>acf</code> domain was triggered too early. This is usually an indicator for some code in the plugin or theme running too early. Translations should be loaded at the <code>init</code> action or later. Please see <a href="https://developer.wordpress.org/advanced-administration/debug/debug-wordpress/">Debugging in WordPress</a> for more information. (This message was added in version 6.7.0.) in /Users/santoshbaral/Local Sites/dragonholidayscom/app/public/wp-includes/functions.php on line 6121
[12-Jul-2025 19:45:56 UTC] [TZnew Theme] Theme initialized successfully Context: {"php_version":"8.2.27","wp_version":"6.8.1","theme_version":"2.0.0"}
[12-Jul-2025 19:45:56 UTC] PHP Notice:  Function _load_textdomain_just_in_time was called <strong>incorrectly</strong>. Translation loading for the <code>acf</code> domain was triggered too early. This is usually an indicator for some code in the plugin or theme running too early. Translations should be loaded at the <code>init</code> action or later. Please see <a href="https://developer.wordpress.org/advanced-administration/debug/debug-wordpress/">Debugging in WordPress</a> for more information. (This message was added in version 6.7.0.) in /Users/santoshbaral/Local Sites/dragonholidayscom/app/public/wp-includes/functions.php on line 6121
[12-Jul-2025 19:45:56 UTC] [TZnew Theme] Theme initialized successfully Context: {"php_version":"8.2.27","wp_version":"6.8.1","theme_version":"2.0.0"}
[12-Jul-2025 19:45:56 UTC] PHP Notice:  Function _load_textdomain_just_in_time was called <strong>incorrectly</strong>. Translation loading for the <code>acf</code> domain was triggered too early. This is usually an indicator for some code in the plugin or theme running too early. Translations should be loaded at the <code>init</code> action or later. Please see <a href="https://developer.wordpress.org/advanced-administration/debug/debug-wordpress/">Debugging in WordPress</a> for more information. (This message was added in version 6.7.0.) in /Users/santoshbaral/Local Sites/dragonholidayscom/app/public/wp-includes/functions.php on line 6121
[12-Jul-2025 19:45:56 UTC] [TZnew Theme] Theme initialized successfully Context: {"php_version":"8.2.27","wp_version":"6.8.1","theme_version":"2.0.0"}
[12-Jul-2025 19:45:56 UTC] PHP Notice:  Function _load_textdomain_just_in_time was called <strong>incorrectly</strong>. Translation loading for the <code>acf</code> domain was triggered too early. This is usually an indicator for some code in the plugin or theme running too early. Translations should be loaded at the <code>init</code> action or later. Please see <a href="https://developer.wordpress.org/advanced-administration/debug/debug-wordpress/">Debugging in WordPress</a> for more information. (This message was added in version 6.7.0.) in /Users/santoshbaral/Local Sites/dragonholidayscom/app/public/wp-includes/functions.php on line 6121
[12-Jul-2025 19:45:56 UTC] [TZnew Theme] Theme initialized successfully Context: {"php_version":"8.2.27","wp_version":"6.8.1","theme_version":"2.0.0"}
[12-Jul-2025 19:45:56 UTC] PHP Notice:  Function _load_textdomain_just_in_time was called <strong>incorrectly</strong>. Translation loading for the <code>acf</code> domain was triggered too early. This is usually an indicator for some code in the plugin or theme running too early. Translations should be loaded at the <code>init</code> action or later. Please see <a href="https://developer.wordpress.org/advanced-administration/debug/debug-wordpress/">Debugging in WordPress</a> for more information. (This message was added in version 6.7.0.) in /Users/santoshbaral/Local Sites/dragonholidayscom/app/public/wp-includes/functions.php on line 6121
[12-Jul-2025 19:45:56 UTC] [TZnew Theme] Theme initialized successfully Context: {"php_version":"8.2.27","wp_version":"6.8.1","theme_version":"2.0.0"}
[12-Jul-2025 19:45:56 UTC] PHP Notice:  Function _load_textdomain_just_in_time was called <strong>incorrectly</strong>. Translation loading for the <code>acf</code> domain was triggered too early. This is usually an indicator for some code in the plugin or theme running too early. Translations should be loaded at the <code>init</code> action or later. Please see <a href="https://developer.wordpress.org/advanced-administration/debug/debug-wordpress/">Debugging in WordPress</a> for more information. (This message was added in version 6.7.0.) in /Users/santoshbaral/Local Sites/dragonholidayscom/app/public/wp-includes/functions.php on line 6121
[12-Jul-2025 19:45:56 UTC] [TZnew Theme] Theme initialized successfully Context: {"php_version":"8.2.27","wp_version":"6.8.1","theme_version":"2.0.0"}
[12-Jul-2025 19:45:56 UTC] PHP Notice:  Function _load_textdomain_just_in_time was called <strong>incorrectly</strong>. Translation loading for the <code>acf</code> domain was triggered too early. This is usually an indicator for some code in the plugin or theme running too early. Translations should be loaded at the <code>init</code> action or later. Please see <a href="https://developer.wordpress.org/advanced-administration/debug/debug-wordpress/">Debugging in WordPress</a> for more information. (This message was added in version 6.7.0.) in /Users/santoshbaral/Local Sites/dragonholidayscom/app/public/wp-includes/functions.php on line 6121
[12-Jul-2025 19:45:57 UTC] [TZnew Theme] Theme initialized successfully Context: {"php_version":"8.2.27","wp_version":"6.8.1","theme_version":"2.0.0"}
[12-Jul-2025 19:45:57 UTC] PHP Notice:  Function _load_textdomain_just_in_time was called <strong>incorrectly</strong>. Translation loading for the <code>acf</code> domain was triggered too early. This is usually an indicator for some code in the plugin or theme running too early. Translations should be loaded at the <code>init</code> action or later. Please see <a href="https://developer.wordpress.org/advanced-administration/debug/debug-wordpress/">Debugging in WordPress</a> for more information. (This message was added in version 6.7.0.) in /Users/santoshbaral/Local Sites/dragonholidayscom/app/public/wp-includes/functions.php on line 6121
[12-Jul-2025 19:45:57 UTC] [TZnew Theme] Theme initialized successfully Context: {"php_version":"8.2.27","wp_version":"6.8.1","theme_version":"2.0.0"}
[12-Jul-2025 19:45:57 UTC] PHP Notice:  Function _load_textdomain_just_in_time was called <strong>incorrectly</strong>. Translation loading for the <code>acf</code> domain was triggered too early. This is usually an indicator for some code in the plugin or theme running too early. Translations should be loaded at the <code>init</code> action or later. Please see <a href="https://developer.wordpress.org/advanced-administration/debug/debug-wordpress/">Debugging in WordPress</a> for more information. (This message was added in version 6.7.0.) in /Users/santoshbaral/Local Sites/dragonholidayscom/app/public/wp-includes/functions.php on line 6121
[12-Jul-2025 19:45:57 UTC] [TZnew Theme] Theme initialized successfully Context: {"php_version":"8.2.27","wp_version":"6.8.1","theme_version":"2.0.0"}
[12-Jul-2025 19:45:58 UTC] PHP Notice:  Function _load_textdomain_just_in_time was called <strong>incorrectly</strong>. Translation loading for the <code>acf</code> domain was triggered too early. This is usually an indicator for some code in the plugin or theme running too early. Translations should be loaded at the <code>init</code> action or later. Please see <a href="https://developer.wordpress.org/advanced-administration/debug/debug-wordpress/">Debugging in WordPress</a> for more information. (This message was added in version 6.7.0.) in /Users/santoshbaral/Local Sites/dragonholidayscom/app/public/wp-includes/functions.php on line 6121
[12-Jul-2025 19:45:58 UTC] [TZnew Theme] Theme initialized successfully Context: {"php_version":"8.2.27","wp_version":"6.8.1","theme_version":"2.0.0"}
[12-Jul-2025 19:45:58 UTC] Missing required field "trek_name" for trekking post ID 439
[12-Jul-2025 19:45:58 UTC] Missing required field "trek_name" for trekking post ID 438
[12-Jul-2025 19:45:58 UTC] Missing required field "trek_name" for trekking post ID 437
[12-Jul-2025 19:45:58 UTC] Missing required field "faq_question" for faq post ID 217
[12-Jul-2025 19:45:58 UTC] Missing required field "faq_answer" for faq post ID 217
[12-Jul-2025 19:46:05 UTC] PHP Notice:  Function _load_textdomain_just_in_time was called <strong>incorrectly</strong>. Translation loading for the <code>acf</code> domain was triggered too early. This is usually an indicator for some code in the plugin or theme running too early. Translations should be loaded at the <code>init</code> action or later. Please see <a href="https://developer.wordpress.org/advanced-administration/debug/debug-wordpress/">Debugging in WordPress</a> for more information. (This message was added in version 6.7.0.) in /Users/santoshbaral/Local Sites/dragonholidayscom/app/public/wp-includes/functions.php on line 6121
[12-Jul-2025 19:46:05 UTC] [TZnew Theme] Theme initialized successfully Context: {"php_version":"8.2.27","wp_version":"6.8.1","theme_version":"2.0.0"}
[12-Jul-2025 19:46:05 UTC] PHP Notice:  Function _load_textdomain_just_in_time was called <strong>incorrectly</strong>. Translation loading for the <code>acf</code> domain was triggered too early. This is usually an indicator for some code in the plugin or theme running too early. Translations should be loaded at the <code>init</code> action or later. Please see <a href="https://developer.wordpress.org/advanced-administration/debug/debug-wordpress/">Debugging in WordPress</a> for more information. (This message was added in version 6.7.0.) in /Users/santoshbaral/Local Sites/dragonholidayscom/app/public/wp-includes/functions.php on line 6121
[12-Jul-2025 19:46:05 UTC] [TZnew Theme] Theme initialized successfully Context: {"php_version":"8.2.27","wp_version":"6.8.1","theme_version":"2.0.0"}
[12-Jul-2025 19:46:06 UTC] PHP Notice:  Function _load_textdomain_just_in_time was called <strong>incorrectly</strong>. Translation loading for the <code>acf</code> domain was triggered too early. This is usually an indicator for some code in the plugin or theme running too early. Translations should be loaded at the <code>init</code> action or later. Please see <a href="https://developer.wordpress.org/advanced-administration/debug/debug-wordpress/">Debugging in WordPress</a> for more information. (This message was added in version 6.7.0.) in /Users/santoshbaral/Local Sites/dragonholidayscom/app/public/wp-includes/functions.php on line 6121
[12-Jul-2025 19:46:06 UTC] [TZnew Theme] Theme initialized successfully Context: {"php_version":"8.2.27","wp_version":"6.8.1","theme_version":"2.0.0"}
[12-Jul-2025 19:46:08 UTC] PHP Notice:  Function _load_textdomain_just_in_time was called <strong>incorrectly</strong>. Translation loading for the <code>acf</code> domain was triggered too early. This is usually an indicator for some code in the plugin or theme running too early. Translations should be loaded at the <code>init</code> action or later. Please see <a href="https://developer.wordpress.org/advanced-administration/debug/debug-wordpress/">Debugging in WordPress</a> for more information. (This message was added in version 6.7.0.) in /Users/santoshbaral/Local Sites/dragonholidayscom/app/public/wp-includes/functions.php on line 6121
[12-Jul-2025 19:46:08 UTC] [TZnew Theme] Theme initialized successfully Context: {"php_version":"8.2.27","wp_version":"6.8.1","theme_version":"2.0.0"}
[12-Jul-2025 19:46:08 UTC] Missing required field "trek_name" for trekking post ID 439
[12-Jul-2025 19:46:08 UTC] Missing required field "trek_name" for trekking post ID 438
[12-Jul-2025 19:46:08 UTC] Missing required field "trek_name" for trekking post ID 437
[12-Jul-2025 19:46:08 UTC] Missing required field "faq_question" for faq post ID 217
[12-Jul-2025 19:46:08 UTC] Missing required field "faq_answer" for faq post ID 217
[12-Jul-2025 19:46:25 UTC] PHP Notice:  Function _load_textdomain_just_in_time was called <strong>incorrectly</strong>. Translation loading for the <code>acf</code> domain was triggered too early. This is usually an indicator for some code in the plugin or theme running too early. Translations should be loaded at the <code>init</code> action or later. Please see <a href="https://developer.wordpress.org/advanced-administration/debug/debug-wordpress/">Debugging in WordPress</a> for more information. (This message was added in version 6.7.0.) in /Users/santoshbaral/Local Sites/dragonholidayscom/app/public/wp-includes/functions.php on line 6121
[12-Jul-2025 19:46:25 UTC] [TZnew Theme] Theme initialized successfully Context: {"php_version":"8.2.27","wp_version":"6.8.1","theme_version":"2.0.0"}
[12-Jul-2025 19:46:25 UTC] Missing required field "trek_name" for trekking post ID 439
[12-Jul-2025 19:46:25 UTC] Missing required field "trek_name" for trekking post ID 438
[12-Jul-2025 19:46:25 UTC] Missing required field "trek_name" for trekking post ID 437
[12-Jul-2025 19:46:25 UTC] Missing required field "faq_question" for faq post ID 217
[12-Jul-2025 19:46:25 UTC] Missing required field "faq_answer" for faq post ID 217
[12-Jul-2025 19:46:30 UTC] PHP Notice:  Function _load_textdomain_just_in_time was called <strong>incorrectly</strong>. Translation loading for the <code>acf</code> domain was triggered too early. This is usually an indicator for some code in the plugin or theme running too early. Translations should be loaded at the <code>init</code> action or later. Please see <a href="https://developer.wordpress.org/advanced-administration/debug/debug-wordpress/">Debugging in WordPress</a> for more information. (This message was added in version 6.7.0.) in /Users/santoshbaral/Local Sites/dragonholidayscom/app/public/wp-includes/functions.php on line 6121
[12-Jul-2025 19:46:30 UTC] [TZnew Theme] Theme initialized successfully Context: {"php_version":"8.2.27","wp_version":"6.8.1","theme_version":"2.0.0"}
[12-Jul-2025 19:46:30 UTC] Missing required field "trek_name" for trekking post ID 439
[12-Jul-2025 19:46:30 UTC] Missing required field "trek_name" for trekking post ID 438
[12-Jul-2025 19:46:30 UTC] Missing required field "trek_name" for trekking post ID 437
[12-Jul-2025 19:46:30 UTC] Missing required field "faq_question" for faq post ID 217
[12-Jul-2025 19:46:30 UTC] Missing required field "faq_answer" for faq post ID 217
[12-Jul-2025 19:46:31 UTC] PHP Notice:  Function _load_textdomain_just_in_time was called <strong>incorrectly</strong>. Translation loading for the <code>acf</code> domain was triggered too early. This is usually an indicator for some code in the plugin or theme running too early. Translations should be loaded at the <code>init</code> action or later. Please see <a href="https://developer.wordpress.org/advanced-administration/debug/debug-wordpress/">Debugging in WordPress</a> for more information. (This message was added in version 6.7.0.) in /Users/santoshbaral/Local Sites/dragonholidayscom/app/public/wp-includes/functions.php on line 6121
[12-Jul-2025 19:46:31 UTC] [TZnew Theme] Theme initialized successfully Context: {"php_version":"8.2.27","wp_version":"6.8.1","theme_version":"2.0.0"}
[12-Jul-2025 19:46:31 UTC] Missing required field "trek_name" for trekking post ID 439
[12-Jul-2025 19:46:31 UTC] Missing required field "trek_name" for trekking post ID 438
[12-Jul-2025 19:46:31 UTC] Missing required field "trek_name" for trekking post ID 437
[12-Jul-2025 19:46:31 UTC] Missing required field "faq_question" for faq post ID 217
[12-Jul-2025 19:46:31 UTC] Missing required field "faq_answer" for faq post ID 217
[12-Jul-2025 19:46:41 UTC] PHP Notice:  Function _load_textdomain_just_in_time was called <strong>incorrectly</strong>. Translation loading for the <code>acf</code> domain was triggered too early. This is usually an indicator for some code in the plugin or theme running too early. Translations should be loaded at the <code>init</code> action or later. Please see <a href="https://developer.wordpress.org/advanced-administration/debug/debug-wordpress/">Debugging in WordPress</a> for more information. (This message was added in version 6.7.0.) in /Users/santoshbaral/Local Sites/dragonholidayscom/app/public/wp-includes/functions.php on line 6121
[12-Jul-2025 19:46:41 UTC] [TZnew Theme] Theme initialized successfully Context: {"php_version":"8.2.27","wp_version":"6.8.1","theme_version":"2.0.0"}
[12-Jul-2025 19:46:41 UTC] Missing required field "trek_name" for trekking post ID 439
[12-Jul-2025 19:46:41 UTC] Missing required field "trek_name" for trekking post ID 438
[12-Jul-2025 19:46:41 UTC] Missing required field "trek_name" for trekking post ID 437
[12-Jul-2025 19:46:41 UTC] Missing required field "faq_question" for faq post ID 217
[12-Jul-2025 19:46:41 UTC] Missing required field "faq_answer" for faq post ID 217
[12-Jul-2025 19:46:43 UTC] PHP Notice:  Function _load_textdomain_just_in_time was called <strong>incorrectly</strong>. Translation loading for the <code>acf</code> domain was triggered too early. This is usually an indicator for some code in the plugin or theme running too early. Translations should be loaded at the <code>init</code> action or later. Please see <a href="https://developer.wordpress.org/advanced-administration/debug/debug-wordpress/">Debugging in WordPress</a> for more information. (This message was added in version 6.7.0.) in /Users/santoshbaral/Local Sites/dragonholidayscom/app/public/wp-includes/functions.php on line 6121
[12-Jul-2025 19:46:43 UTC] [TZnew Theme] Theme initialized successfully Context: {"php_version":"8.2.27","wp_version":"6.8.1","theme_version":"2.0.0"}
[12-Jul-2025 19:46:43 UTC] Missing required field "trek_name" for trekking post ID 439
[12-Jul-2025 19:46:43 UTC] Missing required field "trek_name" for trekking post ID 438
[12-Jul-2025 19:46:43 UTC] Missing required field "trek_name" for trekking post ID 437
[12-Jul-2025 19:46:43 UTC] Missing required field "faq_question" for faq post ID 217
[12-Jul-2025 19:46:43 UTC] Missing required field "faq_answer" for faq post ID 217
[12-Jul-2025 19:46:43 UTC] PHP Notice:  Function _load_textdomain_just_in_time was called <strong>incorrectly</strong>. Translation loading for the <code>acf</code> domain was triggered too early. This is usually an indicator for some code in the plugin or theme running too early. Translations should be loaded at the <code>init</code> action or later. Please see <a href="https://developer.wordpress.org/advanced-administration/debug/debug-wordpress/">Debugging in WordPress</a> for more information. (This message was added in version 6.7.0.) in /Users/santoshbaral/Local Sites/dragonholidayscom/app/public/wp-includes/functions.php on line 6121
[12-Jul-2025 19:46:43 UTC] [TZnew Theme] Theme initialized successfully Context: {"php_version":"8.2.27","wp_version":"6.8.1","theme_version":"2.0.0"}
[12-Jul-2025 19:46:50 UTC] PHP Notice:  Function _load_textdomain_just_in_time was called <strong>incorrectly</strong>. Translation loading for the <code>acf</code> domain was triggered too early. This is usually an indicator for some code in the plugin or theme running too early. Translations should be loaded at the <code>init</code> action or later. Please see <a href="https://developer.wordpress.org/advanced-administration/debug/debug-wordpress/">Debugging in WordPress</a> for more information. (This message was added in version 6.7.0.) in /Users/santoshbaral/Local Sites/dragonholidayscom/app/public/wp-includes/functions.php on line 6121
[12-Jul-2025 19:46:50 UTC] [TZnew Theme] Theme initialized successfully Context: {"php_version":"8.2.27","wp_version":"6.8.1","theme_version":"2.0.0"}
[12-Jul-2025 19:46:50 UTC] Missing required field "trek_name" for trekking post ID 439
[12-Jul-2025 19:46:50 UTC] Missing required field "trek_name" for trekking post ID 438
[12-Jul-2025 19:46:50 UTC] Missing required field "trek_name" for trekking post ID 437
[12-Jul-2025 19:46:50 UTC] Missing required field "faq_question" for faq post ID 217
[12-Jul-2025 19:46:50 UTC] Missing required field "faq_answer" for faq post ID 217
[12-Jul-2025 19:46:51 UTC] PHP Notice:  Function _load_textdomain_just_in_time was called <strong>incorrectly</strong>. Translation loading for the <code>acf</code> domain was triggered too early. This is usually an indicator for some code in the plugin or theme running too early. Translations should be loaded at the <code>init</code> action or later. Please see <a href="https://developer.wordpress.org/advanced-administration/debug/debug-wordpress/">Debugging in WordPress</a> for more information. (This message was added in version 6.7.0.) in /Users/santoshbaral/Local Sites/dragonholidayscom/app/public/wp-includes/functions.php on line 6121
[12-Jul-2025 19:46:51 UTC] [TZnew Theme] Theme initialized successfully Context: {"php_version":"8.2.27","wp_version":"6.8.1","theme_version":"2.0.0"}
[12-Jul-2025 19:46:51 UTC] Missing required field "trek_name" for trekking post ID 439
[12-Jul-2025 19:46:51 UTC] Missing required field "trek_name" for trekking post ID 438
[12-Jul-2025 19:46:51 UTC] Missing required field "trek_name" for trekking post ID 437
[12-Jul-2025 19:46:51 UTC] Missing required field "faq_question" for faq post ID 217
[12-Jul-2025 19:46:51 UTC] Missing required field "faq_answer" for faq post ID 217
[12-Jul-2025 19:47:01 UTC] PHP Notice:  Function _load_textdomain_just_in_time was called <strong>incorrectly</strong>. Translation loading for the <code>acf</code> domain was triggered too early. This is usually an indicator for some code in the plugin or theme running too early. Translations should be loaded at the <code>init</code> action or later. Please see <a href="https://developer.wordpress.org/advanced-administration/debug/debug-wordpress/">Debugging in WordPress</a> for more information. (This message was added in version 6.7.0.) in /Users/santoshbaral/Local Sites/dragonholidayscom/app/public/wp-includes/functions.php on line 6121
[12-Jul-2025 19:47:01 UTC] [TZnew Theme] Theme initialized successfully Context: {"php_version":"8.2.27","wp_version":"6.8.1","theme_version":"2.0.0"}
[12-Jul-2025 19:47:01 UTC] Missing required field "trek_name" for trekking post ID 439
[12-Jul-2025 19:47:01 UTC] Missing required field "trek_name" for trekking post ID 438
[12-Jul-2025 19:47:01 UTC] Missing required field "trek_name" for trekking post ID 437
[12-Jul-2025 19:47:01 UTC] Missing required field "faq_question" for faq post ID 217
[12-Jul-2025 19:47:01 UTC] Missing required field "faq_answer" for faq post ID 217
[12-Jul-2025 19:47:24 UTC] PHP Notice:  Function _load_textdomain_just_in_time was called <strong>incorrectly</strong>. Translation loading for the <code>acf</code> domain was triggered too early. This is usually an indicator for some code in the plugin or theme running too early. Translations should be loaded at the <code>init</code> action or later. Please see <a href="https://developer.wordpress.org/advanced-administration/debug/debug-wordpress/">Debugging in WordPress</a> for more information. (This message was added in version 6.7.0.) in /Users/santoshbaral/Local Sites/dragonholidayscom/app/public/wp-includes/functions.php on line 6121
[12-Jul-2025 19:47:24 UTC] [TZnew Theme] Theme initialized successfully Context: {"php_version":"8.2.27","wp_version":"6.8.1","theme_version":"2.0.0"}
[12-Jul-2025 19:47:24 UTC] Missing required field "trek_name" for trekking post ID 439
[12-Jul-2025 19:47:24 UTC] Missing required field "trek_name" for trekking post ID 438
[12-Jul-2025 19:47:24 UTC] Missing required field "trek_name" for trekking post ID 437
[12-Jul-2025 19:47:24 UTC] Missing required field "faq_question" for faq post ID 217
[12-Jul-2025 19:47:24 UTC] Missing required field "faq_answer" for faq post ID 217
[12-Jul-2025 19:47:34 UTC] PHP Notice:  Function _load_textdomain_just_in_time was called <strong>incorrectly</strong>. Translation loading for the <code>acf</code> domain was triggered too early. This is usually an indicator for some code in the plugin or theme running too early. Translations should be loaded at the <code>init</code> action or later. Please see <a href="https://developer.wordpress.org/advanced-administration/debug/debug-wordpress/">Debugging in WordPress</a> for more information. (This message was added in version 6.7.0.) in /Users/santoshbaral/Local Sites/dragonholidayscom/app/public/wp-includes/functions.php on line 6121
[12-Jul-2025 19:47:34 UTC] [TZnew Theme] Theme initialized successfully Context: {"php_version":"8.2.27","wp_version":"6.8.1","theme_version":"2.0.0"}
[12-Jul-2025 19:47:34 UTC] Missing required field "trek_name" for trekking post ID 439
[12-Jul-2025 19:47:34 UTC] Missing required field "trek_name" for trekking post ID 438
[12-Jul-2025 19:47:34 UTC] Missing required field "trek_name" for trekking post ID 437
[12-Jul-2025 19:47:34 UTC] Missing required field "faq_question" for faq post ID 217
[12-Jul-2025 19:47:34 UTC] Missing required field "faq_answer" for faq post ID 217
[12-Jul-2025 19:47:53 UTC] PHP Notice:  Function _load_textdomain_just_in_time was called <strong>incorrectly</strong>. Translation loading for the <code>acf</code> domain was triggered too early. This is usually an indicator for some code in the plugin or theme running too early. Translations should be loaded at the <code>init</code> action or later. Please see <a href="https://developer.wordpress.org/advanced-administration/debug/debug-wordpress/">Debugging in WordPress</a> for more information. (This message was added in version 6.7.0.) in /Users/santoshbaral/Local Sites/dragonholidayscom/app/public/wp-includes/functions.php on line 6121
[12-Jul-2025 19:47:53 UTC] [TZnew Theme] Theme initialized successfully Context: {"php_version":"8.2.27","wp_version":"6.8.1","theme_version":"2.0.0"}
[12-Jul-2025 19:47:53 UTC] Missing required field "trek_name" for trekking post ID 439
[12-Jul-2025 19:47:53 UTC] Missing required field "trek_name" for trekking post ID 438
[12-Jul-2025 19:47:53 UTC] Missing required field "trek_name" for trekking post ID 437
[12-Jul-2025 19:47:53 UTC] Missing required field "faq_question" for faq post ID 217
[12-Jul-2025 19:47:53 UTC] Missing required field "faq_answer" for faq post ID 217
[12-Jul-2025 19:48:03 UTC] PHP Notice:  Function _load_textdomain_just_in_time was called <strong>incorrectly</strong>. Translation loading for the <code>acf</code> domain was triggered too early. This is usually an indicator for some code in the plugin or theme running too early. Translations should be loaded at the <code>init</code> action or later. Please see <a href="https://developer.wordpress.org/advanced-administration/debug/debug-wordpress/">Debugging in WordPress</a> for more information. (This message was added in version 6.7.0.) in /Users/santoshbaral/Local Sites/dragonholidayscom/app/public/wp-includes/functions.php on line 6121
[12-Jul-2025 19:48:03 UTC] [TZnew Theme] Theme initialized successfully Context: {"php_version":"8.2.27","wp_version":"6.8.1","theme_version":"2.0.0"}
[12-Jul-2025 19:48:03 UTC] Missing required field "trek_name" for trekking post ID 439
[12-Jul-2025 19:48:03 UTC] Missing required field "trek_name" for trekking post ID 438
[12-Jul-2025 19:48:03 UTC] Missing required field "trek_name" for trekking post ID 437
[12-Jul-2025 19:48:03 UTC] Missing required field "faq_question" for faq post ID 217
[12-Jul-2025 19:48:03 UTC] Missing required field "faq_answer" for faq post ID 217
[12-Jul-2025 19:48:21 UTC] PHP Notice:  Function _load_textdomain_just_in_time was called <strong>incorrectly</strong>. Translation loading for the <code>acf</code> domain was triggered too early. This is usually an indicator for some code in the plugin or theme running too early. Translations should be loaded at the <code>init</code> action or later. Please see <a href="https://developer.wordpress.org/advanced-administration/debug/debug-wordpress/">Debugging in WordPress</a> for more information. (This message was added in version 6.7.0.) in /Users/santoshbaral/Local Sites/dragonholidayscom/app/public/wp-includes/functions.php on line 6121
[12-Jul-2025 19:48:21 UTC] [TZnew Theme] Theme initialized successfully Context: {"php_version":"8.2.27","wp_version":"6.8.1","theme_version":"2.0.0"}
[12-Jul-2025 19:48:21 UTC] Missing required field "trek_name" for trekking post ID 439
[12-Jul-2025 19:48:21 UTC] Missing required field "trek_name" for trekking post ID 438
[12-Jul-2025 19:48:21 UTC] Missing required field "trek_name" for trekking post ID 437
[12-Jul-2025 19:48:21 UTC] Missing required field "faq_question" for faq post ID 217
[12-Jul-2025 19:48:21 UTC] Missing required field "faq_answer" for faq post ID 217
[12-Jul-2025 19:48:31 UTC] PHP Notice:  Function _load_textdomain_just_in_time was called <strong>incorrectly</strong>. Translation loading for the <code>acf</code> domain was triggered too early. This is usually an indicator for some code in the plugin or theme running too early. Translations should be loaded at the <code>init</code> action or later. Please see <a href="https://developer.wordpress.org/advanced-administration/debug/debug-wordpress/">Debugging in WordPress</a> for more information. (This message was added in version 6.7.0.) in /Users/santoshbaral/Local Sites/dragonholidayscom/app/public/wp-includes/functions.php on line 6121
[12-Jul-2025 19:48:31 UTC] [TZnew Theme] Theme initialized successfully Context: {"php_version":"8.2.27","wp_version":"6.8.1","theme_version":"2.0.0"}
[12-Jul-2025 19:48:31 UTC] Missing required field "trek_name" for trekking post ID 439
[12-Jul-2025 19:48:31 UTC] Missing required field "trek_name" for trekking post ID 438
[12-Jul-2025 19:48:31 UTC] Missing required field "trek_name" for trekking post ID 437
[12-Jul-2025 19:48:31 UTC] Missing required field "faq_question" for faq post ID 217
[12-Jul-2025 19:48:31 UTC] Missing required field "faq_answer" for faq post ID 217
[12-Jul-2025 19:48:39 UTC] PHP Notice:  Function _load_textdomain_just_in_time was called <strong>incorrectly</strong>. Translation loading for the <code>acf</code> domain was triggered too early. This is usually an indicator for some code in the plugin or theme running too early. Translations should be loaded at the <code>init</code> action or later. Please see <a href="https://developer.wordpress.org/advanced-administration/debug/debug-wordpress/">Debugging in WordPress</a> for more information. (This message was added in version 6.7.0.) in /Users/santoshbaral/Local Sites/dragonholidayscom/app/public/wp-includes/functions.php on line 6121
[12-Jul-2025 19:48:39 UTC] [TZnew Theme] Theme initialized successfully Context: {"php_version":"8.2.27","wp_version":"6.8.1","theme_version":"2.0.0"}
[12-Jul-2025 19:49:00 UTC] PHP Notice:  Function _load_textdomain_just_in_time was called <strong>incorrectly</strong>. Translation loading for the <code>acf</code> domain was triggered too early. This is usually an indicator for some code in the plugin or theme running too early. Translations should be loaded at the <code>init</code> action or later. Please see <a href="https://developer.wordpress.org/advanced-administration/debug/debug-wordpress/">Debugging in WordPress</a> for more information. (This message was added in version 6.7.0.) in /Users/santoshbaral/Local Sites/dragonholidayscom/app/public/wp-includes/functions.php on line 6121
[12-Jul-2025 19:49:00 UTC] [TZnew Theme] Theme initialized successfully Context: {"php_version":"8.2.27","wp_version":"6.8.1","theme_version":"2.0.0"}
[12-Jul-2025 19:49:14 UTC] PHP Notice:  Function _load_textdomain_just_in_time was called <strong>incorrectly</strong>. Translation loading for the <code>acf</code> domain was triggered too early. This is usually an indicator for some code in the plugin or theme running too early. Translations should be loaded at the <code>init</code> action or later. Please see <a href="https://developer.wordpress.org/advanced-administration/debug/debug-wordpress/">Debugging in WordPress</a> for more information. (This message was added in version 6.7.0.) in /Users/santoshbaral/Local Sites/dragonholidayscom/app/public/wp-includes/functions.php on line 6121
[12-Jul-2025 19:49:14 UTC] [TZnew Theme] Theme initialized successfully Context: {"php_version":"8.2.27","wp_version":"6.8.1","theme_version":"2.0.0"}
[12-Jul-2025 19:49:14 UTC] Missing required field "trek_name" for trekking post ID 439
[12-Jul-2025 19:49:14 UTC] Missing required field "trek_name" for trekking post ID 438
[12-Jul-2025 19:49:14 UTC] Missing required field "trek_name" for trekking post ID 437
[12-Jul-2025 19:49:14 UTC] Missing required field "faq_question" for faq post ID 217
[12-Jul-2025 19:49:14 UTC] Missing required field "faq_answer" for faq post ID 217
[12-Jul-2025 19:49:19 UTC] PHP Notice:  Function _load_textdomain_just_in_time was called <strong>incorrectly</strong>. Translation loading for the <code>acf</code> domain was triggered too early. This is usually an indicator for some code in the plugin or theme running too early. Translations should be loaded at the <code>init</code> action or later. Please see <a href="https://developer.wordpress.org/advanced-administration/debug/debug-wordpress/">Debugging in WordPress</a> for more information. (This message was added in version 6.7.0.) in /Users/santoshbaral/Local Sites/dragonholidayscom/app/public/wp-includes/functions.php on line 6121
[12-Jul-2025 19:49:19 UTC] [TZnew Theme] Theme initialized successfully Context: {"php_version":"8.2.27","wp_version":"6.8.1","theme_version":"2.0.0"}
[12-Jul-2025 19:49:19 UTC] Missing required field "trek_name" for trekking post ID 439
[12-Jul-2025 19:49:19 UTC] Missing required field "trek_name" for trekking post ID 438
[12-Jul-2025 19:49:19 UTC] Missing required field "trek_name" for trekking post ID 437
[12-Jul-2025 19:49:19 UTC] Missing required field "faq_question" for faq post ID 217
[12-Jul-2025 19:49:19 UTC] Missing required field "faq_answer" for faq post ID 217
[12-Jul-2025 19:49:19 UTC] PHP Notice:  Function _load_textdomain_just_in_time was called <strong>incorrectly</strong>. Translation loading for the <code>acf</code> domain was triggered too early. This is usually an indicator for some code in the plugin or theme running too early. Translations should be loaded at the <code>init</code> action or later. Please see <a href="https://developer.wordpress.org/advanced-administration/debug/debug-wordpress/">Debugging in WordPress</a> for more information. (This message was added in version 6.7.0.) in /Users/santoshbaral/Local Sites/dragonholidayscom/app/public/wp-includes/functions.php on line 6121
[12-Jul-2025 19:49:19 UTC] [TZnew Theme] Theme initialized successfully Context: {"php_version":"8.2.27","wp_version":"6.8.1","theme_version":"2.0.0"}
[12-Jul-2025 19:49:19 UTC] Missing required field "trek_name" for trekking post ID 439
[12-Jul-2025 19:49:19 UTC] Missing required field "trek_name" for trekking post ID 438
[12-Jul-2025 19:49:19 UTC] Missing required field "trek_name" for trekking post ID 437
[12-Jul-2025 19:49:19 UTC] PHP Notice:  Function _load_textdomain_just_in_time was called <strong>incorrectly</strong>. Translation loading for the <code>acf</code> domain was triggered too early. This is usually an indicator for some code in the plugin or theme running too early. Translations should be loaded at the <code>init</code> action or later. Please see <a href="https://developer.wordpress.org/advanced-administration/debug/debug-wordpress/">Debugging in WordPress</a> for more information. (This message was added in version 6.7.0.) in /Users/santoshbaral/Local Sites/dragonholidayscom/app/public/wp-includes/functions.php on line 6121
[12-Jul-2025 19:49:19 UTC] Missing required field "faq_question" for faq post ID 217
[12-Jul-2025 19:49:19 UTC] Missing required field "faq_answer" for faq post ID 217
[12-Jul-2025 19:49:19 UTC] [TZnew Theme] Theme initialized successfully Context: {"php_version":"8.2.27","wp_version":"6.8.1","theme_version":"2.0.0"}
[12-Jul-2025 19:49:23 UTC] PHP Notice:  Function _load_textdomain_just_in_time was called <strong>incorrectly</strong>. Translation loading for the <code>acf</code> domain was triggered too early. This is usually an indicator for some code in the plugin or theme running too early. Translations should be loaded at the <code>init</code> action or later. Please see <a href="https://developer.wordpress.org/advanced-administration/debug/debug-wordpress/">Debugging in WordPress</a> for more information. (This message was added in version 6.7.0.) in /Users/santoshbaral/Local Sites/dragonholidayscom/app/public/wp-includes/functions.php on line 6121
[12-Jul-2025 19:49:23 UTC] [TZnew Theme] Theme initialized successfully Context: {"php_version":"8.2.27","wp_version":"6.8.1","theme_version":"2.0.0"}
[12-Jul-2025 19:49:28 UTC] PHP Notice:  Function _load_textdomain_just_in_time was called <strong>incorrectly</strong>. Translation loading for the <code>acf</code> domain was triggered too early. This is usually an indicator for some code in the plugin or theme running too early. Translations should be loaded at the <code>init</code> action or later. Please see <a href="https://developer.wordpress.org/advanced-administration/debug/debug-wordpress/">Debugging in WordPress</a> for more information. (This message was added in version 6.7.0.) in /Users/santoshbaral/Local Sites/dragonholidayscom/app/public/wp-includes/functions.php on line 6121
[12-Jul-2025 19:49:28 UTC] [TZnew Theme] Theme initialized successfully Context: {"php_version":"8.2.27","wp_version":"6.8.1","theme_version":"2.0.0"}
[12-Jul-2025 19:49:28 UTC] Missing required field "trek_name" for trekking post ID 439
[12-Jul-2025 19:49:28 UTC] Missing required field "trek_name" for trekking post ID 438
[12-Jul-2025 19:49:28 UTC] Missing required field "trek_name" for trekking post ID 437
[12-Jul-2025 19:49:28 UTC] Missing required field "faq_question" for faq post ID 217
[12-Jul-2025 19:49:28 UTC] Missing required field "faq_answer" for faq post ID 217
[12-Jul-2025 19:50:29 UTC] PHP Notice:  Function _load_textdomain_just_in_time was called <strong>incorrectly</strong>. Translation loading for the <code>acf</code> domain was triggered too early. This is usually an indicator for some code in the plugin or theme running too early. Translations should be loaded at the <code>init</code> action or later. Please see <a href="https://developer.wordpress.org/advanced-administration/debug/debug-wordpress/">Debugging in WordPress</a> for more information. (This message was added in version 6.7.0.) in /Users/santoshbaral/Local Sites/dragonholidayscom/app/public/wp-includes/functions.php on line 6121
[12-Jul-2025 19:50:29 UTC] [TZnew Theme] Theme initialized successfully Context: {"php_version":"8.2.27","wp_version":"6.8.1","theme_version":"2.0.0"}
[12-Jul-2025 19:50:29 UTC] PHP Notice:  Function _load_textdomain_just_in_time was called <strong>incorrectly</strong>. Translation loading for the <code>acf</code> domain was triggered too early. This is usually an indicator for some code in the plugin or theme running too early. Translations should be loaded at the <code>init</code> action or later. Please see <a href="https://developer.wordpress.org/advanced-administration/debug/debug-wordpress/">Debugging in WordPress</a> for more information. (This message was added in version 6.7.0.) in /Users/santoshbaral/Local Sites/dragonholidayscom/app/public/wp-includes/functions.php on line 6121
[12-Jul-2025 19:50:29 UTC] [TZnew Theme] Theme initialized successfully Context: {"php_version":"8.2.27","wp_version":"6.8.1","theme_version":"2.0.0"}
[12-Jul-2025 19:50:29 UTC] PHP Notice:  Function _load_textdomain_just_in_time was called <strong>incorrectly</strong>. Translation loading for the <code>acf</code> domain was triggered too early. This is usually an indicator for some code in the plugin or theme running too early. Translations should be loaded at the <code>init</code> action or later. Please see <a href="https://developer.wordpress.org/advanced-administration/debug/debug-wordpress/">Debugging in WordPress</a> for more information. (This message was added in version 6.7.0.) in /Users/santoshbaral/Local Sites/dragonholidayscom/app/public/wp-includes/functions.php on line 6121
[12-Jul-2025 19:50:29 UTC] [TZnew Theme] Theme initialized successfully Context: {"php_version":"8.2.27","wp_version":"6.8.1","theme_version":"2.0.0"}
[12-Jul-2025 19:50:29 UTC] Missing required field "trek_name" for trekking post ID 439
[12-Jul-2025 19:50:29 UTC] Missing required field "trek_name" for trekking post ID 438
[12-Jul-2025 19:50:29 UTC] Missing required field "trek_name" for trekking post ID 437
[12-Jul-2025 19:50:29 UTC] Missing required field "faq_question" for faq post ID 217
[12-Jul-2025 19:50:29 UTC] Missing required field "faq_answer" for faq post ID 217
[12-Jul-2025 19:51:30 UTC] PHP Notice:  Function _load_textdomain_just_in_time was called <strong>incorrectly</strong>. Translation loading for the <code>acf</code> domain was triggered too early. This is usually an indicator for some code in the plugin or theme running too early. Translations should be loaded at the <code>init</code> action or later. Please see <a href="https://developer.wordpress.org/advanced-administration/debug/debug-wordpress/">Debugging in WordPress</a> for more information. (This message was added in version 6.7.0.) in /Users/santoshbaral/Local Sites/dragonholidayscom/app/public/wp-includes/functions.php on line 6121
[12-Jul-2025 19:51:30 UTC] [TZnew Theme] Theme initialized successfully Context: {"php_version":"8.2.27","wp_version":"6.8.1","theme_version":"2.0.0"}
[12-Jul-2025 19:51:45 UTC] PHP Notice:  Function _load_textdomain_just_in_time was called <strong>incorrectly</strong>. Translation loading for the <code>acf</code> domain was triggered too early. This is usually an indicator for some code in the plugin or theme running too early. Translations should be loaded at the <code>init</code> action or later. Please see <a href="https://developer.wordpress.org/advanced-administration/debug/debug-wordpress/">Debugging in WordPress</a> for more information. (This message was added in version 6.7.0.) in /Users/santoshbaral/Local Sites/dragonholidayscom/app/public/wp-includes/functions.php on line 6121
[12-Jul-2025 19:51:45 UTC] [TZnew Theme] Theme initialized successfully Context: {"php_version":"8.2.27","wp_version":"6.8.1","theme_version":"2.0.0"}
[12-Jul-2025 19:51:53 UTC] PHP Notice:  Function _load_textdomain_just_in_time was called <strong>incorrectly</strong>. Translation loading for the <code>acf</code> domain was triggered too early. This is usually an indicator for some code in the plugin or theme running too early. Translations should be loaded at the <code>init</code> action or later. Please see <a href="https://developer.wordpress.org/advanced-administration/debug/debug-wordpress/">Debugging in WordPress</a> for more information. (This message was added in version 6.7.0.) in /Users/santoshbaral/Local Sites/dragonholidayscom/app/public/wp-includes/functions.php on line 6121
[12-Jul-2025 19:51:53 UTC] [TZnew Theme] Theme initialized successfully Context: {"php_version":"8.2.27","wp_version":"6.8.1","theme_version":"2.0.0"}
[12-Jul-2025 19:52:30 UTC] PHP Notice:  Function _load_textdomain_just_in_time was called <strong>incorrectly</strong>. Translation loading for the <code>acf</code> domain was triggered too early. This is usually an indicator for some code in the plugin or theme running too early. Translations should be loaded at the <code>init</code> action or later. Please see <a href="https://developer.wordpress.org/advanced-administration/debug/debug-wordpress/">Debugging in WordPress</a> for more information. (This message was added in version 6.7.0.) in /Users/santoshbaral/Local Sites/dragonholidayscom/app/public/wp-includes/functions.php on line 6121
[12-Jul-2025 19:52:30 UTC] [TZnew Theme] Theme initialized successfully Context: {"php_version":"8.2.27","wp_version":"6.8.1","theme_version":"2.0.0"}
[12-Jul-2025 19:52:30 UTC] Missing required field "trek_name" for trekking post ID 439
[12-Jul-2025 19:52:30 UTC] Missing required field "trek_name" for trekking post ID 438
[12-Jul-2025 19:52:30 UTC] Missing required field "trek_name" for trekking post ID 437
[12-Jul-2025 19:52:30 UTC] Missing required field "faq_question" for faq post ID 217
[12-Jul-2025 19:52:30 UTC] Missing required field "faq_answer" for faq post ID 217
[12-Jul-2025 19:52:57 UTC] PHP Notice:  Function _load_textdomain_just_in_time was called <strong>incorrectly</strong>. Translation loading for the <code>acf</code> domain was triggered too early. This is usually an indicator for some code in the plugin or theme running too early. Translations should be loaded at the <code>init</code> action or later. Please see <a href="https://developer.wordpress.org/advanced-administration/debug/debug-wordpress/">Debugging in WordPress</a> for more information. (This message was added in version 6.7.0.) in /Users/santoshbaral/Local Sites/dragonholidayscom/app/public/wp-includes/functions.php on line 6121
[12-Jul-2025 19:52:57 UTC] [TZnew Theme] Theme initialized successfully Context: {"php_version":"8.2.27","wp_version":"6.8.1","theme_version":"2.0.0"}
[12-Jul-2025 19:53:03 UTC] PHP Notice:  Function _load_textdomain_just_in_time was called <strong>incorrectly</strong>. Translation loading for the <code>acf</code> domain was triggered too early. This is usually an indicator for some code in the plugin or theme running too early. Translations should be loaded at the <code>init</code> action or later. Please see <a href="https://developer.wordpress.org/advanced-administration/debug/debug-wordpress/">Debugging in WordPress</a> for more information. (This message was added in version 6.7.0.) in /Users/santoshbaral/Local Sites/dragonholidayscom/app/public/wp-includes/functions.php on line 6121
[12-Jul-2025 19:53:03 UTC] [TZnew Theme] Theme initialized successfully Context: {"php_version":"8.2.27","wp_version":"6.8.1","theme_version":"2.0.0"}
[12-Jul-2025 19:53:03 UTC] PHP Notice:  Function _load_textdomain_just_in_time was called <strong>incorrectly</strong>. Translation loading for the <code>acf</code> domain was triggered too early. This is usually an indicator for some code in the plugin or theme running too early. Translations should be loaded at the <code>init</code> action or later. Please see <a href="https://developer.wordpress.org/advanced-administration/debug/debug-wordpress/">Debugging in WordPress</a> for more information. (This message was added in version 6.7.0.) in /Users/santoshbaral/Local Sites/dragonholidayscom/app/public/wp-includes/functions.php on line 6121
[12-Jul-2025 19:53:03 UTC] [TZnew Theme] Theme initialized successfully Context: {"php_version":"8.2.27","wp_version":"6.8.1","theme_version":"2.0.0"}
[12-Jul-2025 19:53:03 UTC] PHP Notice:  Function _load_textdomain_just_in_time was called <strong>incorrectly</strong>. Translation loading for the <code>acf</code> domain was triggered too early. This is usually an indicator for some code in the plugin or theme running too early. Translations should be loaded at the <code>init</code> action or later. Please see <a href="https://developer.wordpress.org/advanced-administration/debug/debug-wordpress/">Debugging in WordPress</a> for more information. (This message was added in version 6.7.0.) in /Users/santoshbaral/Local Sites/dragonholidayscom/app/public/wp-includes/functions.php on line 6121
[12-Jul-2025 19:53:03 UTC] [TZnew Theme] Theme initialized successfully Context: {"php_version":"8.2.27","wp_version":"6.8.1","theme_version":"2.0.0"}
[12-Jul-2025 19:53:03 UTC] PHP Notice:  Function _load_textdomain_just_in_time was called <strong>incorrectly</strong>. Translation loading for the <code>acf</code> domain was triggered too early. This is usually an indicator for some code in the plugin or theme running too early. Translations should be loaded at the <code>init</code> action or later. Please see <a href="https://developer.wordpress.org/advanced-administration/debug/debug-wordpress/">Debugging in WordPress</a> for more information. (This message was added in version 6.7.0.) in /Users/santoshbaral/Local Sites/dragonholidayscom/app/public/wp-includes/functions.php on line 6121
[12-Jul-2025 19:53:03 UTC] [TZnew Theme] Theme initialized successfully Context: {"php_version":"8.2.27","wp_version":"6.8.1","theme_version":"2.0.0"}
[12-Jul-2025 19:53:03 UTC] PHP Notice:  Function _load_textdomain_just_in_time was called <strong>incorrectly</strong>. Translation loading for the <code>acf</code> domain was triggered too early. This is usually an indicator for some code in the plugin or theme running too early. Translations should be loaded at the <code>init</code> action or later. Please see <a href="https://developer.wordpress.org/advanced-administration/debug/debug-wordpress/">Debugging in WordPress</a> for more information. (This message was added in version 6.7.0.) in /Users/santoshbaral/Local Sites/dragonholidayscom/app/public/wp-includes/functions.php on line 6121
[12-Jul-2025 19:53:03 UTC] [TZnew Theme] Theme initialized successfully Context: {"php_version":"8.2.27","wp_version":"6.8.1","theme_version":"2.0.0"}
[12-Jul-2025 19:53:03 UTC] PHP Notice:  Function _load_textdomain_just_in_time was called <strong>incorrectly</strong>. Translation loading for the <code>acf</code> domain was triggered too early. This is usually an indicator for some code in the plugin or theme running too early. Translations should be loaded at the <code>init</code> action or later. Please see <a href="https://developer.wordpress.org/advanced-administration/debug/debug-wordpress/">Debugging in WordPress</a> for more information. (This message was added in version 6.7.0.) in /Users/santoshbaral/Local Sites/dragonholidayscom/app/public/wp-includes/functions.php on line 6121
[12-Jul-2025 19:53:03 UTC] [TZnew Theme] Theme initialized successfully Context: {"php_version":"8.2.27","wp_version":"6.8.1","theme_version":"2.0.0"}
[12-Jul-2025 19:53:03 UTC] PHP Notice:  Function _load_textdomain_just_in_time was called <strong>incorrectly</strong>. Translation loading for the <code>acf</code> domain was triggered too early. This is usually an indicator for some code in the plugin or theme running too early. Translations should be loaded at the <code>init</code> action or later. Please see <a href="https://developer.wordpress.org/advanced-administration/debug/debug-wordpress/">Debugging in WordPress</a> for more information. (This message was added in version 6.7.0.) in /Users/santoshbaral/Local Sites/dragonholidayscom/app/public/wp-includes/functions.php on line 6121
[12-Jul-2025 19:53:03 UTC] [TZnew Theme] Theme initialized successfully Context: {"php_version":"8.2.27","wp_version":"6.8.1","theme_version":"2.0.0"}
[12-Jul-2025 19:53:03 UTC] PHP Notice:  Function _load_textdomain_just_in_time was called <strong>incorrectly</strong>. Translation loading for the <code>acf</code> domain was triggered too early. This is usually an indicator for some code in the plugin or theme running too early. Translations should be loaded at the <code>init</code> action or later. Please see <a href="https://developer.wordpress.org/advanced-administration/debug/debug-wordpress/">Debugging in WordPress</a> for more information. (This message was added in version 6.7.0.) in /Users/santoshbaral/Local Sites/dragonholidayscom/app/public/wp-includes/functions.php on line 6121
[12-Jul-2025 19:53:03 UTC] [TZnew Theme] Theme initialized successfully Context: {"php_version":"8.2.27","wp_version":"6.8.1","theme_version":"2.0.0"}
[12-Jul-2025 19:53:03 UTC] PHP Notice:  Function _load_textdomain_just_in_time was called <strong>incorrectly</strong>. Translation loading for the <code>acf</code> domain was triggered too early. This is usually an indicator for some code in the plugin or theme running too early. Translations should be loaded at the <code>init</code> action or later. Please see <a href="https://developer.wordpress.org/advanced-administration/debug/debug-wordpress/">Debugging in WordPress</a> for more information. (This message was added in version 6.7.0.) in /Users/santoshbaral/Local Sites/dragonholidayscom/app/public/wp-includes/functions.php on line 6121
[12-Jul-2025 19:53:03 UTC] [TZnew Theme] Theme initialized successfully Context: {"php_version":"8.2.27","wp_version":"6.8.1","theme_version":"2.0.0"}
[12-Jul-2025 19:53:03 UTC] PHP Notice:  Function _load_textdomain_just_in_time was called <strong>incorrectly</strong>. Translation loading for the <code>acf</code> domain was triggered too early. This is usually an indicator for some code in the plugin or theme running too early. Translations should be loaded at the <code>init</code> action or later. Please see <a href="https://developer.wordpress.org/advanced-administration/debug/debug-wordpress/">Debugging in WordPress</a> for more information. (This message was added in version 6.7.0.) in /Users/santoshbaral/Local Sites/dragonholidayscom/app/public/wp-includes/functions.php on line 6121
[12-Jul-2025 19:53:03 UTC] [TZnew Theme] Theme initialized successfully Context: {"php_version":"8.2.27","wp_version":"6.8.1","theme_version":"2.0.0"}
[12-Jul-2025 19:53:03 UTC] PHP Notice:  Function _load_textdomain_just_in_time was called <strong>incorrectly</strong>. Translation loading for the <code>acf</code> domain was triggered too early. This is usually an indicator for some code in the plugin or theme running too early. Translations should be loaded at the <code>init</code> action or later. Please see <a href="https://developer.wordpress.org/advanced-administration/debug/debug-wordpress/">Debugging in WordPress</a> for more information. (This message was added in version 6.7.0.) in /Users/santoshbaral/Local Sites/dragonholidayscom/app/public/wp-includes/functions.php on line 6121
[12-Jul-2025 19:53:03 UTC] [TZnew Theme] Theme initialized successfully Context: {"php_version":"8.2.27","wp_version":"6.8.1","theme_version":"2.0.0"}
[12-Jul-2025 19:53:03 UTC] PHP Notice:  Function _load_textdomain_just_in_time was called <strong>incorrectly</strong>. Translation loading for the <code>acf</code> domain was triggered too early. This is usually an indicator for some code in the plugin or theme running too early. Translations should be loaded at the <code>init</code> action or later. Please see <a href="https://developer.wordpress.org/advanced-administration/debug/debug-wordpress/">Debugging in WordPress</a> for more information. (This message was added in version 6.7.0.) in /Users/santoshbaral/Local Sites/dragonholidayscom/app/public/wp-includes/functions.php on line 6121
[12-Jul-2025 19:53:04 UTC] [TZnew Theme] Theme initialized successfully Context: {"php_version":"8.2.27","wp_version":"6.8.1","theme_version":"2.0.0"}
[12-Jul-2025 19:53:12 UTC] PHP Notice:  Function _load_textdomain_just_in_time was called <strong>incorrectly</strong>. Translation loading for the <code>acf</code> domain was triggered too early. This is usually an indicator for some code in the plugin or theme running too early. Translations should be loaded at the <code>init</code> action or later. Please see <a href="https://developer.wordpress.org/advanced-administration/debug/debug-wordpress/">Debugging in WordPress</a> for more information. (This message was added in version 6.7.0.) in /Users/santoshbaral/Local Sites/dragonholidayscom/app/public/wp-includes/functions.php on line 6121
[12-Jul-2025 19:53:12 UTC] [TZnew Theme] Theme initialized successfully Context: {"php_version":"8.2.27","wp_version":"6.8.1","theme_version":"2.0.0"}
[12-Jul-2025 19:53:12 UTC] PHP Fatal error:  Uncaught Error: Call to undefined function tznew_get_reading_time() in /Users/santoshbaral/Local Sites/dragonholidayscom/app/public/wp-content/themes/tznew/single-blog.php:54
Stack trace:
#0 /Users/santoshbaral/Local Sites/dragonholidayscom/app/public/wp-includes/template-loader.php(106): include()
#1 /Users/santoshbaral/Local Sites/dragonholidayscom/app/public/wp-blog-header.php(19): require_once('/Users/santoshb...')
#2 /Users/santoshbaral/Local Sites/dragonholidayscom/app/public/index.php(17): require('/Users/santoshb...')
#3 {main}
  thrown in /Users/santoshbaral/Local Sites/dragonholidayscom/app/public/wp-content/themes/tznew/single-blog.php on line 54
[12-Jul-2025 19:53:22 UTC] PHP Notice:  Function _load_textdomain_just_in_time was called <strong>incorrectly</strong>. Translation loading for the <code>acf</code> domain was triggered too early. This is usually an indicator for some code in the plugin or theme running too early. Translations should be loaded at the <code>init</code> action or later. Please see <a href="https://developer.wordpress.org/advanced-administration/debug/debug-wordpress/">Debugging in WordPress</a> for more information. (This message was added in version 6.7.0.) in /Users/santoshbaral/Local Sites/dragonholidayscom/app/public/wp-includes/functions.php on line 6121
[12-Jul-2025 19:53:22 UTC] [TZnew Theme] Theme initialized successfully Context: {"php_version":"8.2.27","wp_version":"6.8.1","theme_version":"2.0.0"}
[12-Jul-2025 19:53:22 UTC] PHP Notice:  Function _load_textdomain_just_in_time was called <strong>incorrectly</strong>. Translation loading for the <code>acf</code> domain was triggered too early. This is usually an indicator for some code in the plugin or theme running too early. Translations should be loaded at the <code>init</code> action or later. Please see <a href="https://developer.wordpress.org/advanced-administration/debug/debug-wordpress/">Debugging in WordPress</a> for more information. (This message was added in version 6.7.0.) in /Users/santoshbaral/Local Sites/dragonholidayscom/app/public/wp-includes/functions.php on line 6121
[12-Jul-2025 19:53:22 UTC] [TZnew Theme] Theme initialized successfully Context: {"php_version":"8.2.27","wp_version":"6.8.1","theme_version":"2.0.0"}
[12-Jul-2025 19:53:32 UTC] PHP Notice:  Function _load_textdomain_just_in_time was called <strong>incorrectly</strong>. Translation loading for the <code>acf</code> domain was triggered too early. This is usually an indicator for some code in the plugin or theme running too early. Translations should be loaded at the <code>init</code> action or later. Please see <a href="https://developer.wordpress.org/advanced-administration/debug/debug-wordpress/">Debugging in WordPress</a> for more information. (This message was added in version 6.7.0.) in /Users/santoshbaral/Local Sites/dragonholidayscom/app/public/wp-includes/functions.php on line 6121
[12-Jul-2025 19:53:32 UTC] [TZnew Theme] Theme initialized successfully Context: {"php_version":"8.2.27","wp_version":"6.8.1","theme_version":"2.0.0"}
[12-Jul-2025 19:53:32 UTC] Missing required field "trek_name" for trekking post ID 439
[12-Jul-2025 19:53:32 UTC] Missing required field "trek_name" for trekking post ID 438
[12-Jul-2025 19:53:32 UTC] Missing required field "trek_name" for trekking post ID 437
[12-Jul-2025 19:53:32 UTC] Missing required field "faq_question" for faq post ID 217
[12-Jul-2025 19:53:32 UTC] Missing required field "faq_answer" for faq post ID 217
[12-Jul-2025 19:54:32 UTC] PHP Notice:  Function _load_textdomain_just_in_time was called <strong>incorrectly</strong>. Translation loading for the <code>acf</code> domain was triggered too early. This is usually an indicator for some code in the plugin or theme running too early. Translations should be loaded at the <code>init</code> action or later. Please see <a href="https://developer.wordpress.org/advanced-administration/debug/debug-wordpress/">Debugging in WordPress</a> for more information. (This message was added in version 6.7.0.) in /Users/santoshbaral/Local Sites/dragonholidayscom/app/public/wp-includes/functions.php on line 6121
[12-Jul-2025 19:54:32 UTC] [TZnew Theme] Theme initialized successfully Context: {"php_version":"8.2.27","wp_version":"6.8.1","theme_version":"2.0.0"}
[12-Jul-2025 19:54:32 UTC] Missing required field "trek_name" for trekking post ID 439
[12-Jul-2025 19:54:32 UTC] Missing required field "trek_name" for trekking post ID 438
[12-Jul-2025 19:54:32 UTC] Missing required field "trek_name" for trekking post ID 437
[12-Jul-2025 19:54:32 UTC] Missing required field "faq_question" for faq post ID 217
[12-Jul-2025 19:54:32 UTC] Missing required field "faq_answer" for faq post ID 217
